[debug] [2022-08-05T19:55:52.020Z] ----------------------------------------------------------------------
[debug] [2022-08-05T19:55:52.021Z] Command:       C:\Program Files\nodejs\node.exe C:\Users\Administrador\AppData\Roaming\npm\node_modules\firebase-tools\lib\bin\firebase.js init
[debug] [2022-08-05T19:55:52.022Z] CLI Version:   11.4.2
[debug] [2022-08-05T19:55:52.022Z] Platform:      win32
[debug] [2022-08-05T19:55:52.022Z] Node Version:  v16.14.2
[debug] [2022-08-05T19:55:52.023Z] Time:          Fri Aug 05 2022 16:55:52 GMT-0300 (Horário Padrão de Brasília)
[debug] [2022-08-05T19:55:52.023Z] ----------------------------------------------------------------------
[debug] 
[debug] [2022-08-05T19:55:52.080Z] > command requires scopes: ["email","openid","https://www.googleapis.com/auth/cloudplatformprojects.readonly","https://www.googleapis.com/auth/firebase","https://www.googleapis.com/auth/cloud-platform"]
[debug] [2022-08-05T19:55:52.081Z] > authorizing via signed-in user (renan.riibeiiroo2@gmail.com)
[info] 
     ######## #### ########  ######## ########     ###     ######  ########
     ##        ##  ##     ## ##       ##     ##  ##   ##  ##       ##
     ######    ##  ########  ######   ########  #########  ######  ######
     ##        ##  ##    ##  ##       ##     ## ##     ##       ## ##
     ##       #### ##     ## ######## ########  ##     ##  ######  ########

You're about to initialize a Firebase project in this directory:

  C:\Users\Administrador\source\repos\pv\guardians

Before we get started, keep in mind:

  * You are initializing within an existing Firebase project directory

[info] 
=== Project Setup
[info] 
[info] First, let's associate this project directory with a Firebase project.
[info] You can create multiple project aliases by running firebase use --add, 
[info] but for now we'll just set up a default project.
[info] 
[debug] [2022-08-05T19:55:58.127Z] Using project from CLI flag: guardians-3048f
[debug] [2022-08-05T19:55:58.130Z] >>> [apiv2][query] GET https://firebase.googleapis.com/v1beta1/projects/guardians-3048f [none]
[debug] [2022-08-05T19:55:59.001Z] <<< [apiv2][status] GET https://firebase.googleapis.com/v1beta1/projects/guardians-3048f 200
[debug] [2022-08-05T19:55:59.001Z] <<< [apiv2][body] GET https://firebase.googleapis.com/v1beta1/projects/guardians-3048f {"projectId":"guardians-3048f","projectNumber":"759574631988","displayName":"Guardians","name":"projects/guardians-3048f","resources":{"hostingSite":"guardians-3048f"},"state":"ACTIVE","etag":"1_3f85721c-d97b-41c8-9520-3662d5bbf12c"}
[info] i  Using project guardians-3048f (Guardians) 
[info] 
=== Hosting Setup
[info] 
[info] Your public directory is the folder (relative to your project directory) that
[info] will contain Hosting assets to be uploaded with firebase deploy. If you
[info] have a build process for your assets, use your build's output directory.
[info] 
[debug] [2022-08-05T19:56:14.120Z] >>> [apiv2][query] GET https://www.gstatic.com/firebasejs/releases.json [none]
[debug] [2022-08-05T19:56:14.186Z] <<< [apiv2][status] GET https://www.gstatic.com/firebasejs/releases.json 200
[debug] [2022-08-05T19:56:14.186Z] <<< [apiv2][body] GET https://www.gstatic.com/firebasejs/releases.json {"current":{"version":"9.9.2","browserURL":"https://www.gstatic.com/firebasejs/9.9.2/firebase.js","packageURL":"https://www.gstatic.com/firebasejs/9.9.2/firebase.tgz"},"live":{"version":"9.9","browserURL":"https://www.gstatic.com/firebasejs/live/9.9/firebase.js","packageURL":"https://www.gstatic.com/firebasejs/live/9.9/firebase.tgz"},"components":{"analytics":"https://www.gstatic.com/firebasejs/9.9.2/firebase-analytics.js","app":"https://www.gstatic.com/firebasejs/9.9.2/firebase-app.js","app-check":"https://www.gstatic.com/firebasejs/9.9.2/firebase-app-check.js","auth":"https://www.gstatic.com/firebasejs/9.9.2/firebase-auth.js","auth/cordova":"https://www.gstatic.com/firebasejs/9.9.2/firebase-auth/cordova.js","auth/react-native":"https://www.gstatic.com/firebasejs/9.9.2/firebase-auth/react-native.js","functions":"https://www.gstatic.com/firebasejs/9.9.2/firebase-functions.js","firestore":"https://www.gstatic.com/firebasejs/9.9.2/firebase-firestore.js","firestore/lite":"https://www.gstatic.com/firebasejs/9.9.2/firebase-firestore/lite.js","installations":"https://www.gstatic.com/firebasejs/9.9.2/firebase-installations.js","storage":"https://www.gstatic.com/firebasejs/9.9.2/firebase-storage.js","performance":"https://www.gstatic.com/firebasejs/9.9.2/firebase-performance.js","remote-config":"https://www.gstatic.com/firebasejs/9.9.2/firebase-remote-config.js","messaging":"https://www.gstatic.com/firebasejs/9.9.2/firebase-messaging.js","messaging/sw":"https://www.gstatic.com/firebasejs/9.9.2/firebase-messaging/sw.js","database":"https://www.gstatic.com/firebasejs/9.9.2/firebase-database.js","firestore.memory":"https://www.gstatic.com/firebasejs/9.9.2/firebase-firestore.memory.js"}}
[info] +  Wrote dist/guardians/index.html 
[info] 
[info] i  Detected a .git folder at C:\Users\Administrador\source\repos\pv\guardians 
[info] i  Authorizing with GitHub to upload your service account to a GitHub repository's secrets store. 
[info] 
[info] Visit this URL on this device to log in:
[info] https://github.com/login/oauth/authorize?client_id=89cf50f02ac6aaed3484&state=672492951&redirect_uri=http%3A%2F%2Flocalhost%3A9005&scope=read%3Auser%20repo%20public_repo
[info] 
[info] Waiting for authentication...
[debug] [2022-08-05T19:56:17.342Z] >>> [apiv2][query] POST https://github.com/login/oauth/access_token [none]
[debug] [2022-08-05T19:56:17.342Z] >>> [apiv2][body] POST https://github.com/login/oauth/access_token [stream]
[debug] [2022-08-05T19:56:17.612Z] <<< [apiv2][status] POST https://github.com/login/oauth/access_token 200
[debug] [2022-08-05T19:56:17.613Z] <<< [apiv2][body] POST https://github.com/login/oauth/access_token {"access_token":"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","token_type":"bearer","scope":"read:user,repo"}
[debug] [2022-08-05T19:56:17.625Z] >>> [apiv2][query] GET https://api.github.com/user [none]
[debug] [2022-08-05T19:56:17.891Z] <<< [apiv2][status] GET https://api.github.com/user 200
[debug] [2022-08-05T19:56:17.892Z] <<< [apiv2][body] GET https://api.github.com/user {"login":"Renan-MF-Ribeiro","id":73248653,"node_id":"MDQ6VXNlcjczMjQ4NjUz","avatar_url":"https://avatars.githubusercontent.com/u/73248653?v=4","gravatar_id":"","url":"https://api.github.com/users/Renan-MF-Ribeiro","html_url":"https://github.com/Renan-MF-Ribeiro","followers_url":"https://api.github.com/users/Renan-MF-Ribeiro/followers","following_url":"https://api.github.com/users/Renan-MF-Ribeiro/following{/other_user}","gists_url":"https://api.github.com/users/Renan-MF-Ribeiro/gists{/gist_id}","starred_url":"https://api.github.com/users/Renan-MF-Ribeiro/starred{/owner}{/repo}","subscriptions_url":"https://api.github.com/users/Renan-MF-Ribeiro/subscriptions","organizations_url":"https://api.github.com/users/Renan-MF-Ribeiro/orgs","repos_url":"https://api.github.com/users/Renan-MF-Ribeiro/repos","events_url":"https://api.github.com/users/Renan-MF-Ribeiro/events{/privacy}","received_events_url":"https://api.github.com/users/Renan-MF-Ribeiro/received_events","type":"User","site_admin":false,"name":"Renan Ribeiro","company":null,"blog":"","location":null,"email":null,"hireable":true,"bio":null,"twitter_username":null,"public_repos":16,"public_gists":0,"followers":3,"following":2,"created_at":"2020-10-21T17:19:09Z","updated_at":"2022-06-27T12:11:58Z","private_gists":0,"total_private_repos":19,"owned_private_repos":19,"disk_usage":203362,"collaborators":0,"two_factor_authentication":false,"plan":{"name":"free","space":976562499,"collaborators":0,"private_repos":10000}}
[info] 
[info] +  Success! Logged into GitHub as Renan-MF-Ribeiro 
[info] 
[debug] [2022-08-05T19:56:34.406Z] >>> [apiv2][query] GET https://api.github.com/repos/Renan-MF-Ribeiro/guardians/actions/secrets/public-key type=owner
[debug] [2022-08-05T19:56:34.617Z] <<< [apiv2][status] GET https://api.github.com/repos/Renan-MF-Ribeiro/guardians/actions/secrets/public-key 404
[debug] [2022-08-05T19:56:34.617Z] <<< [apiv2][body] GET https://api.github.com/repos/Renan-MF-Ribeiro/guardians/actions/secrets/public-key {"message":"Not Found","documentation_url":"https://docs.github.com/rest/reference/actions#get-a-repository-public-key"}
[debug] [2022-08-05T19:56:37.224Z] >>> [apiv2][query] GET https://api.github.com/repos/Renan-MF-Ribeiro/guardianshapp/actions/secrets/public-key type=owner
[debug] [2022-08-05T19:56:37.420Z] <<< [apiv2][status] GET https://api.github.com/repos/Renan-MF-Ribeiro/guardianshapp/actions/secrets/public-key 404
[debug] [2022-08-05T19:56:37.420Z] <<< [apiv2][body] GET https://api.github.com/repos/Renan-MF-Ribeiro/guardianshapp/actions/secrets/public-key {"message":"Not Found","documentation_url":"https://docs.github.com/rest/reference/actions#get-a-repository-public-key"}
